Analysis & Synthesis report for Lab1
Wed Oct 04 23:21:32 2023
Quartus II 64-Bit Version 13.0.1 Build 232 06/12/2013 Service Pack 1 SJ Web Edition


---------------------
; Table of Contents ;
---------------------
  1. Legal Notice
  2. Analysis & Synthesis Summary
  3. Analysis & Synthesis Settings
  4. Parallel Compilation
  5. Analysis & Synthesis Source Files Read
  6. Analysis & Synthesis Resource Usage Summary
  7. Analysis & Synthesis Resource Utilization by Entity
  8. Logic Cells Representing Combinational Loops
  9. General Register Statistics
 10. Port Connectivity Checks: "rightshift8bitregister:inst13|enARdFF_2:b0"
 11. Port Connectivity Checks: "rightshift8bitregister:inst13|enARdFF_2:b1"
 12. Port Connectivity Checks: "rightshift8bitregister:inst13|enARdFF_2:b2"
 13. Port Connectivity Checks: "rightshift8bitregister:inst13|enARdFF_2:b3"
 14. Port Connectivity Checks: "rightshift8bitregister:inst13|enARdFF_2:b4"
 15. Port Connectivity Checks: "rightshift8bitregister:inst13|enARdFF_2:b5"
 16. Port Connectivity Checks: "rightshift8bitregister:inst13|enARdFF_2:b6"
 17. Port Connectivity Checks: "rightshift8bitregister:inst13|enARdFF_2:b7"
 18. Port Connectivity Checks: "leftshift8bitregister:inst1|enARdFF_2:b0"
 19. Port Connectivity Checks: "leftshift8bitregister:inst1|enARdFF_2:b1"
 20. Port Connectivity Checks: "leftshift8bitregister:inst1|enARdFF_2:b2"
 21. Port Connectivity Checks: "leftshift8bitregister:inst1|enARdFF_2:b3"
 22. Port Connectivity Checks: "leftshift8bitregister:inst1|enARdFF_2:b4"
 23. Port Connectivity Checks: "leftshift8bitregister:inst1|enARdFF_2:b5"
 24. Port Connectivity Checks: "leftshift8bitregister:inst1|enARdFF_2:b6"
 25. Port Connectivity Checks: "leftshift8bitregister:inst1|enARdFF_2:b7"
 26. Elapsed Time Per Partition
 27. Analysis & Synthesis Messages



----------------
; Legal Notice ;
----------------
Copyright (C) 1991-2013 Altera Corporation
Your use of Altera Corporation's design tools, logic functions 
and other software and tools, and its AMPP partner logic 
functions, and any output files from any of the foregoing 
(including device programming or simulation files), and any 
associated documentation or information are expressly subject 
to the terms and conditions of the Altera Program License 
Subscription Agreement, Altera MegaCore Function License 
Agreement, or other applicable license agreement, including, 
without limitation, that your use is for the sole purpose of 
programming logic devices manufactured by Altera and sold by 
Altera or its authorized distributors.  Please refer to the 
applicable agreement for further details.



+--------------------------------------------------------------------------------------+
; Analysis & Synthesis Summary                                                         ;
+------------------------------------+-------------------------------------------------+
; Analysis & Synthesis Status        ; Successful - Wed Oct 04 23:21:31 2023           ;
; Quartus II 64-Bit Version          ; 13.0.1 Build 232 06/12/2013 SP 1 SJ Web Edition ;
; Revision Name                      ; Lab1                                            ;
; Top-level Entity Name              ; testLab                                         ;
; Family                             ; Cyclone IV E                                    ;
; Total logic elements               ; 56                                              ;
;     Total combinational functions  ; 56                                              ;
;     Dedicated logic registers      ; 0                                               ;
; Total registers                    ; 0                                               ;
; Total pins                         ; 53                                              ;
; Total virtual pins                 ; 0                                               ;
; Total memory bits                  ; 0                                               ;
; Embedded Multiplier 9-bit elements ; 0                                               ;
; Total PLLs                         ; 0                                               ;
+------------------------------------+-------------------------------------------------+


+----------------------------------------------------------------------------------------------------------------------+
; Analysis & Synthesis Settings                                                                                        ;
+----------------------------------------------------------------------------+--------------------+--------------------+
; Option                                                                     ; Setting            ; Default Value      ;
+----------------------------------------------------------------------------+--------------------+--------------------+
; Device                                                                     ; EP4CE115F29C7      ;                    ;
; Top-level entity name                                                      ; testLab            ; Lab1               ;
; Family name                                                                ; Cyclone IV E       ; Cyclone IV GX      ;
; Use smart compilation                                                      ; Off                ; Off                ;
; Enable parallel Assembler and TimeQuest Timing Analyzer during compilation ; On                 ; On                 ;
; Enable compact report table                                                ; Off                ; Off                ;
; Restructure Multiplexers                                                   ; Auto               ; Auto               ;
; Create Debugging Nodes for IP Cores                                        ; Off                ; Off                ;
; Preserve fewer node names                                                  ; On                 ; On                 ;
; Disable OpenCore Plus hardware evaluation                                  ; Off                ; Off                ;
; Verilog Version                                                            ; Verilog_2001       ; Verilog_2001       ;
; VHDL Version                                                               ; VHDL_1993          ; VHDL_1993          ;
; State Machine Processing                                                   ; Auto               ; Auto               ;
; Safe State Machine                                                         ; Off                ; Off                ;
; Extract Verilog State Machines                                             ; On                 ; On                 ;
; Extract VHDL State Machines                                                ; On                 ; On                 ;
; Ignore Verilog initial constructs                                          ; Off                ; Off                ;
; Iteration limit for constant Verilog loops                                 ; 5000               ; 5000               ;
; Iteration limit for non-constant Verilog loops                             ; 250                ; 250                ;
; Add Pass-Through Logic to Inferred RAMs                                    ; On                 ; On                 ;
; Infer RAMs from Raw Logic                                                  ; On                 ; On                 ;
; Parallel Synthesis                                                         ; On                 ; On                 ;
; DSP Block Balancing                                                        ; Auto               ; Auto               ;
; NOT Gate Push-Back                                                         ; On                 ; On                 ;
; Power-Up Don't Care                                                        ; On                 ; On                 ;
; Remove Redundant Logic Cells                                               ; Off                ; Off                ;
; Remove Duplicate Registers                                                 ; On                 ; On                 ;
; Ignore CARRY Buffers                                                       ; Off                ; Off                ;
; Ignore CASCADE Buffers                                                     ; Off                ; Off                ;
; Ignore GLOBAL Buffers                                                      ; Off                ; Off                ;
; Ignore ROW GLOBAL Buffers                                                  ; Off                ; Off                ;
; Ignore LCELL Buffers                                                       ; Off                ; Off                ;
; Ignore SOFT Buffers                                                        ; On                 ; On                 ;
; Limit AHDL Integers to 32 Bits                                             ; Off                ; Off                ;
; Optimization Technique                                                     ; Balanced           ; Balanced           ;
; Carry Chain Length                                                         ; 70                 ; 70                 ;
; Auto Carry Chains                                                          ; On                 ; On                 ;
; Auto Open-Drain Pins                                                       ; On                 ; On                 ;
; Perform WYSIWYG Primitive Resynthesis                                      ; Off                ; Off                ;
; Auto ROM Replacement                                                       ; On                 ; On                 ;
; Auto RAM Replacement                                                       ; On                 ; On                 ;
; Auto DSP Block Replacement                                                 ; On                 ; On                 ;
; Auto Shift Register Replacement                                            ; Auto               ; Auto               ;
; Allow Shift Register Merging across Hierarchies                            ; Auto               ; Auto               ;
; Auto Clock Enable Replacement                                              ; On                 ; On                 ;
; Strict RAM Replacement                                                     ; Off                ; Off                ;
; Allow Synchronous Control Signals                                          ; On                 ; On                 ;
; Force Use of Synchronous Clear Signals                                     ; Off                ; Off                ;
; Auto RAM Block Balancing                                                   ; On                 ; On                 ;
; Auto RAM to Logic Cell Conversion                                          ; Off                ; Off                ;
; Auto Resource Sharing                                                      ; Off                ; Off                ;
; Allow Any RAM Size For Recognition                                         ; Off                ; Off                ;
; Allow Any ROM Size For Recognition                                         ; Off                ; Off                ;
; Allow Any Shift Register Size For Recognition                              ; Off                ; Off                ;
; Use LogicLock Constraints during Resource Balancing                        ; On                 ; On                 ;
; Ignore translate_off and synthesis_off directives                          ; Off                ; Off                ;
; Timing-Driven Synthesis                                                    ; On                 ; On                 ;
; Report Parameter Settings                                                  ; On                 ; On                 ;
; Report Source Assignments                                                  ; On                 ; On                 ;
; Report Connectivity Checks                                                 ; On                 ; On                 ;
; Ignore Maximum Fan-Out Assignments                                         ; Off                ; Off                ;
; Synchronization Register Chain Length                                      ; 2                  ; 2                  ;
; PowerPlay Power Optimization                                               ; Normal compilation ; Normal compilation ;
; HDL message level                                                          ; Level2             ; Level2             ;
; Suppress Register Optimization Related Messages                            ; Off                ; Off                ;
; Number of Removed Registers Reported in Synthesis Report                   ; 5000               ; 5000               ;
; Number of Swept Nodes Reported in Synthesis Report                         ; 5000               ; 5000               ;
; Number of Inverted Registers Reported in Synthesis Report                  ; 100                ; 100                ;
; Clock MUX Protection                                                       ; On                 ; On                 ;
; Auto Gated Clock Conversion                                                ; Off                ; Off                ;
; Block Design Naming                                                        ; Auto               ; Auto               ;
; SDC constraint protection                                                  ; Off                ; Off                ;
; Synthesis Effort                                                           ; Auto               ; Auto               ;
; Shift Register Replacement - Allow Asynchronous Clear Signal               ; On                 ; On                 ;
; Pre-Mapping Resynthesis Optimization                                       ; Off                ; Off                ;
; Analysis & Synthesis Message Level                                         ; Medium             ; Medium             ;
; Disable Register Merging Across Hierarchies                                ; Auto               ; Auto               ;
; Resource Aware Inference For Block RAM                                     ; On                 ; On                 ;
; Synthesis Seed                                                             ; 1                  ; 1                  ;
+----------------------------------------------------------------------------+--------------------+--------------------+


Parallel compilation was disabled, but you have multiple processors available. Enable parallel compilation to reduce compilation time.
+-------------------------------------+
; Parallel Compilation                ;
+----------------------------+--------+
; Processors                 ; Number ;
+----------------------------+--------+
; Number detected on machine ; 4      ;
; Maximum allowed            ; 1      ;
+----------------------------+--------+


+---------------------------------------------------------------------------------------------------------------------------------------------------+
; Analysis & Synthesis Source Files Read                                                                                                            ;
+----------------------------------+-----------------+------------------------------------+-----------------------------------------------+---------+
; File Name with User-Entered Path ; Used in Netlist ; File Type                          ; File Name with Absolute Path                  ; Library ;
+----------------------------------+-----------------+------------------------------------+-----------------------------------------------+---------+
; leftshift8bitregister.vhd        ; yes             ; User VHDL File                     ; Z:/CEG3155/CEG3155/leftshift8bitregister.vhd  ;         ;
; rightshift8bitregister.vhd       ; yes             ; User VHDL File                     ; Z:/CEG3155/CEG3155/rightshift8bitregister.vhd ;         ;
; bit2multiplexer.vhd              ; yes             ; User VHDL File                     ; Z:/CEG3155/CEG3155/bit2multiplexer.vhd        ;         ;
; enARdFF_2.vhd                    ; yes             ; User VHDL File                     ; Z:/CEG3155/CEG3155/enARdFF_2.vhd              ;         ;
; testLab.bdf                      ; yes             ; User Block Diagram/Schematic File  ; Z:/CEG3155/CEG3155/testLab.bdf                ;         ;
; enableSRLatch.vhd                ; yes             ; User VHDL File                     ; Z:/CEG3155/CEG3155/enableSRLatch.vhd          ;         ;
+----------------------------------+-----------------+------------------------------------+-----------------------------------------------+---------+


+-----------------------------------------------------------+
; Analysis & Synthesis Resource Usage Summary               ;
+---------------------------------------------+-------------+
; Resource                                    ; Usage       ;
+---------------------------------------------+-------------+
; Estimated Total logic elements              ; 56          ;
;                                             ;             ;
; Total combinational functions               ; 56          ;
; Logic element usage by number of LUT inputs ;             ;
;     -- 4 input functions                    ; 24          ;
;     -- 3 input functions                    ; 32          ;
;     -- <=2 input functions                  ; 0           ;
;                                             ;             ;
; Logic elements by mode                      ;             ;
;     -- normal mode                          ; 56          ;
;     -- arithmetic mode                      ; 0           ;
;                                             ;             ;
; Total registers                             ; 0           ;
;     -- Dedicated logic registers            ; 0           ;
;     -- I/O registers                        ; 0           ;
;                                             ;             ;
; I/O pins                                    ; 53          ;
; Embedded Multiplier 9-bit elements          ; 0           ;
; Maximum fan-out node                        ; clock~input ;
; Maximum fan-out                             ; 48          ;
; Total fan-out                               ; 270         ;
; Average fan-out                             ; 1.67        ;
+---------------------------------------------+-------------+


+---------------------------------------------------------------------------------------------------------------------------------------------------------------------------------------------------------------------------------------------------+
; Analysis & Synthesis Resource Utilization by Entity                                                                                                                                                                                               ;
+---------------------------------------+-------------------+--------------+-------------+--------------+---------+-----------+------+--------------+--------------------------------------------------------------------------------+--------------+
; Compilation Hierarchy Node            ; LC Combinationals ; LC Registers ; Memory Bits ; DSP Elements ; DSP 9x9 ; DSP 18x18 ; Pins ; Virtual Pins ; Full Hierarchy Name                                                            ; Library Name ;
+---------------------------------------+-------------------+--------------+-------------+--------------+---------+-----------+------+--------------+--------------------------------------------------------------------------------+--------------+
; |testLab                              ; 56 (0)            ; 0 (0)        ; 0           ; 0            ; 0       ; 0         ; 53   ; 0            ; |testLab                                                                       ; work         ;
;    |bit2multiplexer:inst3|            ; 8 (8)             ; 0 (0)        ; 0           ; 0            ; 0       ; 0         ; 0    ; 0            ; |testLab|bit2multiplexer:inst3                                                 ; work         ;
;    |enARdFF_2:inst|                   ; 2 (0)             ; 0 (0)        ; 0           ; 0            ; 0       ; 0         ; 0    ; 0            ; |testLab|enARdFF_2:inst                                                        ; work         ;
;       |enabledSRLatch:masterLatch|    ; 1 (1)             ; 0 (0)        ; 0           ; 0            ; 0       ; 0         ; 0    ; 0            ; |testLab|enARdFF_2:inst|enabledSRLatch:masterLatch                             ; work         ;
;       |enabledSRLatch:slaveLatch|     ; 1 (1)             ; 0 (0)        ; 0           ; 0            ; 0       ; 0         ; 0    ; 0            ; |testLab|enARdFF_2:inst|enabledSRLatch:slaveLatch                              ; work         ;
;    |leftshift8bitregister:inst1|      ; 23 (0)            ; 0 (0)        ; 0           ; 0            ; 0       ; 0         ; 0    ; 0            ; |testLab|leftshift8bitregister:inst1                                           ; work         ;
;       |enARdFF_2:b0|                  ; 2 (0)             ; 0 (0)        ; 0           ; 0            ; 0       ; 0         ; 0    ; 0            ; |testLab|leftshift8bitregister:inst1|enARdFF_2:b0                              ; work         ;
;          |enabledSRLatch:masterLatch| ; 1 (1)             ; 0 (0)        ; 0           ; 0            ; 0       ; 0         ; 0    ; 0            ; |testLab|leftshift8bitregister:inst1|enARdFF_2:b0|enabledSRLatch:masterLatch   ; work         ;
;          |enabledSRLatch:slaveLatch|  ; 1 (1)             ; 0 (0)        ; 0           ; 0            ; 0       ; 0         ; 0    ; 0            ; |testLab|leftshift8bitregister:inst1|enARdFF_2:b0|enabledSRLatch:slaveLatch    ; work         ;
;       |enARdFF_2:b1|                  ; 3 (0)             ; 0 (0)        ; 0           ; 0            ; 0       ; 0         ; 0    ; 0            ; |testLab|leftshift8bitregister:inst1|enARdFF_2:b1                              ; work         ;
;          |enabledSRLatch:masterLatch| ; 2 (2)             ; 0 (0)        ; 0           ; 0            ; 0       ; 0         ; 0    ; 0            ; |testLab|leftshift8bitregister:inst1|enARdFF_2:b1|enabledSRLatch:masterLatch   ; work         ;
;          |enabledSRLatch:slaveLatch|  ; 1 (1)             ; 0 (0)        ; 0           ; 0            ; 0       ; 0         ; 0    ; 0            ; |testLab|leftshift8bitregister:inst1|enARdFF_2:b1|enabledSRLatch:slaveLatch    ; work         ;
;       |enARdFF_2:b2|                  ; 3 (0)             ; 0 (0)        ; 0           ; 0            ; 0       ; 0         ; 0    ; 0            ; |testLab|leftshift8bitregister:inst1|enARdFF_2:b2                              ; work         ;
;          |enabledSRLatch:masterLatch| ; 2 (2)             ; 0 (0)        ; 0           ; 0            ; 0       ; 0         ; 0    ; 0            ; |testLab|leftshift8bitregister:inst1|enARdFF_2:b2|enabledSRLatch:masterLatch   ; work         ;
;          |enabledSRLatch:slaveLatch|  ; 1 (1)             ; 0 (0)        ; 0           ; 0            ; 0       ; 0         ; 0    ; 0            ; |testLab|leftshift8bitregister:inst1|enARdFF_2:b2|enabledSRLatch:slaveLatch    ; work         ;
;       |enARdFF_2:b3|                  ; 3 (0)             ; 0 (0)        ; 0           ; 0            ; 0       ; 0         ; 0    ; 0            ; |testLab|leftshift8bitregister:inst1|enARdFF_2:b3                              ; work         ;
;          |enabledSRLatch:masterLatch| ; 2 (2)             ; 0 (0)        ; 0           ; 0            ; 0       ; 0         ; 0    ; 0            ; |testLab|leftshift8bitregister:inst1|enARdFF_2:b3|enabledSRLatch:masterLatch   ; work         ;
;          |enabledSRLatch:slaveLatch|  ; 1 (1)             ; 0 (0)        ; 0           ; 0            ; 0       ; 0         ; 0    ; 0            ; |testLab|leftshift8bitregister:inst1|enARdFF_2:b3|enabledSRLatch:slaveLatch    ; work         ;
;       |enARdFF_2:b4|                  ; 3 (0)             ; 0 (0)        ; 0           ; 0            ; 0       ; 0         ; 0    ; 0            ; |testLab|leftshift8bitregister:inst1|enARdFF_2:b4                              ; work         ;
;          |enabledSRLatch:masterLatch| ; 2 (2)             ; 0 (0)        ; 0           ; 0            ; 0       ; 0         ; 0    ; 0            ; |testLab|leftshift8bitregister:inst1|enARdFF_2:b4|enabledSRLatch:masterLatch   ; work         ;
;          |enabledSRLatch:slaveLatch|  ; 1 (1)             ; 0 (0)        ; 0           ; 0            ; 0       ; 0         ; 0    ; 0            ; |testLab|leftshift8bitregister:inst1|enARdFF_2:b4|enabledSRLatch:slaveLatch    ; work         ;
;       |enARdFF_2:b5|                  ; 3 (0)             ; 0 (0)        ; 0           ; 0            ; 0       ; 0         ; 0    ; 0            ; |testLab|leftshift8bitregister:inst1|enARdFF_2:b5                              ; work         ;
;          |enabledSRLatch:masterLatch| ; 2 (2)             ; 0 (0)        ; 0           ; 0            ; 0       ; 0         ; 0    ; 0            ; |testLab|leftshift8bitregister:inst1|enARdFF_2:b5|enabledSRLatch:masterLatch   ; work         ;
;          |enabledSRLatch:slaveLatch|  ; 1 (1)             ; 0 (0)        ; 0           ; 0            ; 0       ; 0         ; 0    ; 0            ; |testLab|leftshift8bitregister:inst1|enARdFF_2:b5|enabledSRLatch:slaveLatch    ; work         ;
;       |enARdFF_2:b6|                  ; 3 (0)             ; 0 (0)        ; 0           ; 0            ; 0       ; 0         ; 0    ; 0            ; |testLab|leftshift8bitregister:inst1|enARdFF_2:b6                              ; work         ;
;          |enabledSRLatch:masterLatch| ; 2 (2)             ; 0 (0)        ; 0           ; 0            ; 0       ; 0         ; 0    ; 0            ; |testLab|leftshift8bitregister:inst1|enARdFF_2:b6|enabledSRLatch:masterLatch   ; work         ;
;          |enabledSRLatch:slaveLatch|  ; 1 (1)             ; 0 (0)        ; 0           ; 0            ; 0       ; 0         ; 0    ; 0            ; |testLab|leftshift8bitregister:inst1|enARdFF_2:b6|enabledSRLatch:slaveLatch    ; work         ;
;       |enARdFF_2:b7|                  ; 3 (0)             ; 0 (0)        ; 0           ; 0            ; 0       ; 0         ; 0    ; 0            ; |testLab|leftshift8bitregister:inst1|enARdFF_2:b7                              ; work         ;
;          |enabledSRLatch:masterLatch| ; 2 (2)             ; 0 (0)        ; 0           ; 0            ; 0       ; 0         ; 0    ; 0            ; |testLab|leftshift8bitregister:inst1|enARdFF_2:b7|enabledSRLatch:masterLatch   ; work         ;
;          |enabledSRLatch:slaveLatch|  ; 1 (1)             ; 0 (0)        ; 0           ; 0            ; 0       ; 0         ; 0    ; 0            ; |testLab|leftshift8bitregister:inst1|enARdFF_2:b7|enabledSRLatch:slaveLatch    ; work         ;
;    |rightshift8bitregister:inst13|    ; 23 (0)            ; 0 (0)        ; 0           ; 0            ; 0       ; 0         ; 0    ; 0            ; |testLab|rightshift8bitregister:inst13                                         ; work         ;
;       |enARdFF_2:b0|                  ; 3 (0)             ; 0 (0)        ; 0           ; 0            ; 0       ; 0         ; 0    ; 0            ; |testLab|rightshift8bitregister:inst13|enARdFF_2:b0                            ; work         ;
;          |enabledSRLatch:masterLatch| ; 2 (2)             ; 0 (0)        ; 0           ; 0            ; 0       ; 0         ; 0    ; 0            ; |testLab|rightshift8bitregister:inst13|enARdFF_2:b0|enabledSRLatch:masterLatch ; work         ;
;          |enabledSRLatch:slaveLatch|  ; 1 (1)             ; 0 (0)        ; 0           ; 0            ; 0       ; 0         ; 0    ; 0            ; |testLab|rightshift8bitregister:inst13|enARdFF_2:b0|enabledSRLatch:slaveLatch  ; work         ;
;       |enARdFF_2:b1|                  ; 3 (0)             ; 0 (0)        ; 0           ; 0            ; 0       ; 0         ; 0    ; 0            ; |testLab|rightshift8bitregister:inst13|enARdFF_2:b1                            ; work         ;
;          |enabledSRLatch:masterLatch| ; 2 (2)             ; 0 (0)        ; 0           ; 0            ; 0       ; 0         ; 0    ; 0            ; |testLab|rightshift8bitregister:inst13|enARdFF_2:b1|enabledSRLatch:masterLatch ; work         ;
;          |enabledSRLatch:slaveLatch|  ; 1 (1)             ; 0 (0)        ; 0           ; 0            ; 0       ; 0         ; 0    ; 0            ; |testLab|rightshift8bitregister:inst13|enARdFF_2:b1|enabledSRLatch:slaveLatch  ; work         ;
;       |enARdFF_2:b2|                  ; 3 (0)             ; 0 (0)        ; 0           ; 0            ; 0       ; 0         ; 0    ; 0            ; |testLab|rightshift8bitregister:inst13|enARdFF_2:b2                            ; work         ;
;          |enabledSRLatch:masterLatch| ; 2 (2)             ; 0 (0)        ; 0           ; 0            ; 0       ; 0         ; 0    ; 0            ; |testLab|rightshift8bitregister:inst13|enARdFF_2:b2|enabledSRLatch:masterLatch ; work         ;
;          |enabledSRLatch:slaveLatch|  ; 1 (1)             ; 0 (0)        ; 0           ; 0            ; 0       ; 0         ; 0    ; 0            ; |testLab|rightshift8bitregister:inst13|enARdFF_2:b2|enabledSRLatch:slaveLatch  ; work         ;
;       |enARdFF_2:b3|                  ; 3 (0)             ; 0 (0)        ; 0           ; 0            ; 0       ; 0         ; 0    ; 0            ; |testLab|rightshift8bitregister:inst13|enARdFF_2:b3                            ; work         ;
;          |enabledSRLatch:masterLatch| ; 2 (2)             ; 0 (0)        ; 0           ; 0            ; 0       ; 0         ; 0    ; 0            ; |testLab|rightshift8bitregister:inst13|enARdFF_2:b3|enabledSRLatch:masterLatch ; work         ;
;          |enabledSRLatch:slaveLatch|  ; 1 (1)             ; 0 (0)        ; 0           ; 0            ; 0       ; 0         ; 0    ; 0            ; |testLab|rightshift8bitregister:inst13|enARdFF_2:b3|enabledSRLatch:slaveLatch  ; work         ;
;       |enARdFF_2:b4|                  ; 3 (0)             ; 0 (0)        ; 0           ; 0            ; 0       ; 0         ; 0    ; 0            ; |testLab|rightshift8bitregister:inst13|enARdFF_2:b4                            ; work         ;
;          |enabledSRLatch:masterLatch| ; 2 (2)             ; 0 (0)        ; 0           ; 0            ; 0       ; 0         ; 0    ; 0            ; |testLab|rightshift8bitregister:inst13|enARdFF_2:b4|enabledSRLatch:masterLatch ; work         ;
;          |enabledSRLatch:slaveLatch|  ; 1 (1)             ; 0 (0)        ; 0           ; 0            ; 0       ; 0         ; 0    ; 0            ; |testLab|rightshift8bitregister:inst13|enARdFF_2:b4|enabledSRLatch:slaveLatch  ; work         ;
;       |enARdFF_2:b5|                  ; 3 (0)             ; 0 (0)        ; 0           ; 0            ; 0       ; 0         ; 0    ; 0            ; |testLab|rightshift8bitregister:inst13|enARdFF_2:b5                            ; work         ;
;          |enabledSRLatch:masterLatch| ; 2 (2)             ; 0 (0)        ; 0           ; 0            ; 0       ; 0         ; 0    ; 0            ; |testLab|rightshift8bitregister:inst13|enARdFF_2:b5|enabledSRLatch:masterLatch ; work         ;
;          |enabledSRLatch:slaveLatch|  ; 1 (1)             ; 0 (0)        ; 0           ; 0            ; 0       ; 0         ; 0    ; 0            ; |testLab|rightshift8bitregister:inst13|enARdFF_2:b5|enabledSRLatch:slaveLatch  ; work         ;
;       |enARdFF_2:b6|                  ; 3 (0)             ; 0 (0)        ; 0           ; 0            ; 0       ; 0         ; 0    ; 0            ; |testLab|rightshift8bitregister:inst13|enARdFF_2:b6                            ; work         ;
;          |enabledSRLatch:masterLatch| ; 2 (2)             ; 0 (0)        ; 0           ; 0            ; 0       ; 0         ; 0    ; 0            ; |testLab|rightshift8bitregister:inst13|enARdFF_2:b6|enabledSRLatch:masterLatch ; work         ;
;          |enabledSRLatch:slaveLatch|  ; 1 (1)             ; 0 (0)        ; 0           ; 0            ; 0       ; 0         ; 0    ; 0            ; |testLab|rightshift8bitregister:inst13|enARdFF_2:b6|enabledSRLatch:slaveLatch  ; work         ;
;       |enARdFF_2:b7|                  ; 2 (0)             ; 0 (0)        ; 0           ; 0            ; 0       ; 0         ; 0    ; 0            ; |testLab|rightshift8bitregister:inst13|enARdFF_2:b7                            ; work         ;
;          |enabledSRLatch:masterLatch| ; 1 (1)             ; 0 (0)        ; 0           ; 0            ; 0       ; 0         ; 0    ; 0            ; |testLab|rightshift8bitregister:inst13|enARdFF_2:b7|enabledSRLatch:masterLatch ; work         ;
;          |enabledSRLatch:slaveLatch|  ; 1 (1)             ; 0 (0)        ; 0           ; 0            ; 0       ; 0         ; 0    ; 0            ; |testLab|rightshift8bitregister:inst13|enARdFF_2:b7|enabledSRLatch:slaveLatch  ; work         ;
+---------------------------------------+-------------------+--------------+-------------+--------------+---------+-----------+------+--------------+--------------------------------------------------------------------------------+--------------+
Note: For table entries with two numbers listed, the numbers in parentheses indicate the number of resources of the given type used by the specific entity alone. The numbers listed outside of parentheses indicate the total resources of the given type used by the specific entity and all of its sub-entities in the hierarchy.


+----------------------------------------------------------------------------------+
; Logic Cells Representing Combinational Loops                                     ;
+-----------------------------------------------------------------------------+----+
; Logic Cell Name                                                             ;    ;
+-----------------------------------------------------------------------------+----+
; enARdFF_2:inst|enabledSRLatch:slaveLatch|o_q~0                              ;    ;
; leftshift8bitregister:inst1|enARdFF_2:b7|enabledSRLatch:slaveLatch|o_q~0    ;    ;
; leftshift8bitregister:inst1|enARdFF_2:b6|enabledSRLatch:slaveLatch|o_q~0    ;    ;
; leftshift8bitregister:inst1|enARdFF_2:b5|enabledSRLatch:slaveLatch|o_q~0    ;    ;
; leftshift8bitregister:inst1|enARdFF_2:b4|enabledSRLatch:slaveLatch|o_q~0    ;    ;
; leftshift8bitregister:inst1|enARdFF_2:b3|enabledSRLatch:slaveLatch|o_q~0    ;    ;
; leftshift8bitregister:inst1|enARdFF_2:b2|enabledSRLatch:slaveLatch|o_q~0    ;    ;
; leftshift8bitregister:inst1|enARdFF_2:b1|enabledSRLatch:slaveLatch|o_q~0    ;    ;
; leftshift8bitregister:inst1|enARdFF_2:b0|enabledSRLatch:slaveLatch|o_q~0    ;    ;
; rightshift8bitregister:inst13|enARdFF_2:b7|enabledSRLatch:slaveLatch|o_q~0  ;    ;
; rightshift8bitregister:inst13|enARdFF_2:b6|enabledSRLatch:slaveLatch|o_q~0  ;    ;
; rightshift8bitregister:inst13|enARdFF_2:b5|enabledSRLatch:slaveLatch|o_q~0  ;    ;
; rightshift8bitregister:inst13|enARdFF_2:b4|enabledSRLatch:slaveLatch|o_q~0  ;    ;
; rightshift8bitregister:inst13|enARdFF_2:b3|enabledSRLatch:slaveLatch|o_q~0  ;    ;
; rightshift8bitregister:inst13|enARdFF_2:b2|enabledSRLatch:slaveLatch|o_q~0  ;    ;
; rightshift8bitregister:inst13|enARdFF_2:b1|enabledSRLatch:slaveLatch|o_q~0  ;    ;
; rightshift8bitregister:inst13|enARdFF_2:b0|enabledSRLatch:slaveLatch|o_q~0  ;    ;
; enARdFF_2:inst|enabledSRLatch:masterLatch|o_q~0                             ;    ;
; leftshift8bitregister:inst1|enARdFF_2:b7|enabledSRLatch:masterLatch|o_q~0   ;    ;
; leftshift8bitregister:inst1|enARdFF_2:b6|enabledSRLatch:masterLatch|o_q~0   ;    ;
; leftshift8bitregister:inst1|enARdFF_2:b5|enabledSRLatch:masterLatch|o_q~0   ;    ;
; leftshift8bitregister:inst1|enARdFF_2:b4|enabledSRLatch:masterLatch|o_q~0   ;    ;
; leftshift8bitregister:inst1|enARdFF_2:b3|enabledSRLatch:masterLatch|o_q~0   ;    ;
; leftshift8bitregister:inst1|enARdFF_2:b2|enabledSRLatch:masterLatch|o_q~0   ;    ;
; leftshift8bitregister:inst1|enARdFF_2:b1|enabledSRLatch:masterLatch|o_q~0   ;    ;
; leftshift8bitregister:inst1|enARdFF_2:b0|enabledSRLatch:masterLatch|o_q~0   ;    ;
; rightshift8bitregister:inst13|enARdFF_2:b7|enabledSRLatch:masterLatch|o_q~0 ;    ;
; rightshift8bitregister:inst13|enARdFF_2:b6|enabledSRLatch:masterLatch|o_q~0 ;    ;
; rightshift8bitregister:inst13|enARdFF_2:b5|enabledSRLatch:masterLatch|o_q~0 ;    ;
; rightshift8bitregister:inst13|enARdFF_2:b4|enabledSRLatch:masterLatch|o_q~0 ;    ;
; rightshift8bitregister:inst13|enARdFF_2:b3|enabledSRLatch:masterLatch|o_q~0 ;    ;
; rightshift8bitregister:inst13|enARdFF_2:b2|enabledSRLatch:masterLatch|o_q~0 ;    ;
; rightshift8bitregister:inst13|enARdFF_2:b1|enabledSRLatch:masterLatch|o_q~0 ;    ;
; rightshift8bitregister:inst13|enARdFF_2:b0|enabledSRLatch:masterLatch|o_q~0 ;    ;
; Number of logic cells representing combinational loops                      ; 34 ;
+-----------------------------------------------------------------------------+----+
Note: All cells listed above may not be present at the end of synthesis due to various synthesis optimizations.


+------------------------------------------------------+
; General Register Statistics                          ;
+----------------------------------------------+-------+
; Statistic                                    ; Value ;
+----------------------------------------------+-------+
; Total registers                              ; 0     ;
; Number of registers using Synchronous Clear  ; 0     ;
; Number of registers using Synchronous Load   ; 0     ;
; Number of registers using Asynchronous Clear ; 0     ;
; Number of registers using Asynchronous Load  ; 0     ;
; Number of registers using Clock Enable       ; 0     ;
; Number of registers using Preset             ; 0     ;
+----------------------------------------------+-------+


+------------------------------------------------------------------------------------------------------------------+
; Port Connectivity Checks: "rightshift8bitregister:inst13|enARdFF_2:b0"                                           ;
+--------+--------+----------+-------------------------------------------------------------------------------------+
; Port   ; Type   ; Severity ; Details                                                                             ;
+--------+--------+----------+-------------------------------------------------------------------------------------+
; o_qbar ; Output ; Info     ; Connected to dangling logic. Logic that only feeds a dangling port will be removed. ;
+--------+--------+----------+-------------------------------------------------------------------------------------+


+------------------------------------------------------------------------------------------------------------------+
; Port Connectivity Checks: "rightshift8bitregister:inst13|enARdFF_2:b1"                                           ;
+--------+--------+----------+-------------------------------------------------------------------------------------+
; Port   ; Type   ; Severity ; Details                                                                             ;
+--------+--------+----------+-------------------------------------------------------------------------------------+
; o_qbar ; Output ; Info     ; Connected to dangling logic. Logic that only feeds a dangling port will be removed. ;
+--------+--------+----------+-------------------------------------------------------------------------------------+


+------------------------------------------------------------------------------------------------------------------+
; Port Connectivity Checks: "rightshift8bitregister:inst13|enARdFF_2:b2"                                           ;
+--------+--------+----------+-------------------------------------------------------------------------------------+
; Port   ; Type   ; Severity ; Details                                                                             ;
+--------+--------+----------+-------------------------------------------------------------------------------------+
; o_qbar ; Output ; Info     ; Connected to dangling logic. Logic that only feeds a dangling port will be removed. ;
+--------+--------+----------+-------------------------------------------------------------------------------------+


+------------------------------------------------------------------------------------------------------------------+
; Port Connectivity Checks: "rightshift8bitregister:inst13|enARdFF_2:b3"                                           ;
+--------+--------+----------+-------------------------------------------------------------------------------------+
; Port   ; Type   ; Severity ; Details                                                                             ;
+--------+--------+----------+-------------------------------------------------------------------------------------+
; o_qbar ; Output ; Info     ; Connected to dangling logic. Logic that only feeds a dangling port will be removed. ;
+--------+--------+----------+-------------------------------------------------------------------------------------+


+------------------------------------------------------------------------------------------------------------------+
; Port Connectivity Checks: "rightshift8bitregister:inst13|enARdFF_2:b4"                                           ;
+--------+--------+----------+-------------------------------------------------------------------------------------+
; Port   ; Type   ; Severity ; Details                                                                             ;
+--------+--------+----------+-------------------------------------------------------------------------------------+
; o_qbar ; Output ; Info     ; Connected to dangling logic. Logic that only feeds a dangling port will be removed. ;
+--------+--------+----------+-------------------------------------------------------------------------------------+


+------------------------------------------------------------------------------------------------------------------+
; Port Connectivity Checks: "rightshift8bitregister:inst13|enARdFF_2:b5"                                           ;
+--------+--------+----------+-------------------------------------------------------------------------------------+
; Port   ; Type   ; Severity ; Details                                                                             ;
+--------+--------+----------+-------------------------------------------------------------------------------------+
; o_qbar ; Output ; Info     ; Connected to dangling logic. Logic that only feeds a dangling port will be removed. ;
+--------+--------+----------+-------------------------------------------------------------------------------------+


+------------------------------------------------------------------------------------------------------------------+
; Port Connectivity Checks: "rightshift8bitregister:inst13|enARdFF_2:b6"                                           ;
+--------+--------+----------+-------------------------------------------------------------------------------------+
; Port   ; Type   ; Severity ; Details                                                                             ;
+--------+--------+----------+-------------------------------------------------------------------------------------+
; o_qbar ; Output ; Info     ; Connected to dangling logic. Logic that only feeds a dangling port will be removed. ;
+--------+--------+----------+-------------------------------------------------------------------------------------+


+------------------------------------------------------------------------------------------------------------------+
; Port Connectivity Checks: "rightshift8bitregister:inst13|enARdFF_2:b7"                                           ;
+--------+--------+----------+-------------------------------------------------------------------------------------+
; Port   ; Type   ; Severity ; Details                                                                             ;
+--------+--------+----------+-------------------------------------------------------------------------------------+
; o_qbar ; Output ; Info     ; Connected to dangling logic. Logic that only feeds a dangling port will be removed. ;
+--------+--------+----------+-------------------------------------------------------------------------------------+


+------------------------------------------------------------------------------------------------------------------+
; Port Connectivity Checks: "leftshift8bitregister:inst1|enARdFF_2:b0"                                             ;
+--------+--------+----------+-------------------------------------------------------------------------------------+
; Port   ; Type   ; Severity ; Details                                                                             ;
+--------+--------+----------+-------------------------------------------------------------------------------------+
; o_qbar ; Output ; Info     ; Connected to dangling logic. Logic that only feeds a dangling port will be removed. ;
+--------+--------+----------+-------------------------------------------------------------------------------------+


+------------------------------------------------------------------------------------------------------------------+
; Port Connectivity Checks: "leftshift8bitregister:inst1|enARdFF_2:b1"                                             ;
+--------+--------+----------+-------------------------------------------------------------------------------------+
; Port   ; Type   ; Severity ; Details                                                                             ;
+--------+--------+----------+-------------------------------------------------------------------------------------+
; o_qbar ; Output ; Info     ; Connected to dangling logic. Logic that only feeds a dangling port will be removed. ;
+--------+--------+----------+-------------------------------------------------------------------------------------+


+------------------------------------------------------------------------------------------------------------------+
; Port Connectivity Checks: "leftshift8bitregister:inst1|enARdFF_2:b2"                                             ;
+--------+--------+----------+-------------------------------------------------------------------------------------+
; Port   ; Type   ; Severity ; Details                                                                             ;
+--------+--------+----------+-------------------------------------------------------------------------------------+
; o_qbar ; Output ; Info     ; Connected to dangling logic. Logic that only feeds a dangling port will be removed. ;
+--------+--------+----------+-------------------------------------------------------------------------------------+


+------------------------------------------------------------------------------------------------------------------+
; Port Connectivity Checks: "leftshift8bitregister:inst1|enARdFF_2:b3"                                             ;
+--------+--------+----------+-------------------------------------------------------------------------------------+
; Port   ; Type   ; Severity ; Details                                                                             ;
+--------+--------+----------+-------------------------------------------------------------------------------------+
; o_qbar ; Output ; Info     ; Connected to dangling logic. Logic that only feeds a dangling port will be removed. ;
+--------+--------+----------+-------------------------------------------------------------------------------------+


+------------------------------------------------------------------------------------------------------------------+
; Port Connectivity Checks: "leftshift8bitregister:inst1|enARdFF_2:b4"                                             ;
+--------+--------+----------+-------------------------------------------------------------------------------------+
; Port   ; Type   ; Severity ; Details                                                                             ;
+--------+--------+----------+-------------------------------------------------------------------------------------+
; o_qbar ; Output ; Info     ; Connected to dangling logic. Logic that only feeds a dangling port will be removed. ;
+--------+--------+----------+-------------------------------------------------------------------------------------+


+------------------------------------------------------------------------------------------------------------------+
; Port Connectivity Checks: "leftshift8bitregister:inst1|enARdFF_2:b5"                                             ;
+--------+--------+----------+-------------------------------------------------------------------------------------+
; Port   ; Type   ; Severity ; Details                                                                             ;
+--------+--------+----------+-------------------------------------------------------------------------------------+
; o_qbar ; Output ; Info     ; Connected to dangling logic. Logic that only feeds a dangling port will be removed. ;
+--------+--------+----------+-------------------------------------------------------------------------------------+


+------------------------------------------------------------------------------------------------------------------+
; Port Connectivity Checks: "leftshift8bitregister:inst1|enARdFF_2:b6"                                             ;
+--------+--------+----------+-------------------------------------------------------------------------------------+
; Port   ; Type   ; Severity ; Details                                                                             ;
+--------+--------+----------+-------------------------------------------------------------------------------------+
; o_qbar ; Output ; Info     ; Connected to dangling logic. Logic that only feeds a dangling port will be removed. ;
+--------+--------+----------+-------------------------------------------------------------------------------------+


+------------------------------------------------------------------------------------------------------------------+
; Port Connectivity Checks: "leftshift8bitregister:inst1|enARdFF_2:b7"                                             ;
+--------+--------+----------+-------------------------------------------------------------------------------------+
; Port   ; Type   ; Severity ; Details                                                                             ;
+--------+--------+----------+-------------------------------------------------------------------------------------+
; o_qbar ; Output ; Info     ; Connected to dangling logic. Logic that only feeds a dangling port will be removed. ;
+--------+--------+----------+-------------------------------------------------------------------------------------+


+-------------------------------+
; Elapsed Time Per Partition    ;
+----------------+--------------+
; Partition Name ; Elapsed Time ;
+----------------+--------------+
; Top            ; 00:00:01     ;
+----------------+--------------+


+-------------------------------+
; Analysis & Synthesis Messages ;
+-------------------------------+
Info: *******************************************************************
Info: Running Quartus II 64-Bit Analysis & Synthesis
    Info: Version 13.0.1 Build 232 06/12/2013 Service Pack 1 SJ Web Edition
    Info: Processing started: Wed Oct 04 23:21:07 2023
Info: Command: quartus_map --read_settings_files=on --write_settings_files=off Lab1 -c Lab1
Warning (20028): Parallel compilation is not licensed and has been disabled
Info (12021): Found 2 design units, including 1 entities, in source file leftshift8bitregister.vhd
    Info (12022): Found design unit 1: leftshift8bitregister-rtl
    Info (12023): Found entity 1: leftshift8bitregister
Info (12021): Found 2 design units, including 1 entities, in source file rightshift8bitregister.vhd
    Info (12022): Found design unit 1: rightshift8bitregister-rtl
    Info (12023): Found entity 1: rightshift8bitregister
Info (12021): Found 2 design units, including 1 entities, in source file bit4register.vhd
    Info (12022): Found design unit 1: bit4register-rtl
    Info (12023): Found entity 1: bit4register
Info (12021): Found 2 design units, including 1 entities, in source file bit2multiplexer.vhd
    Info (12022): Found design unit 1: bit2multiplexer-rtl
    Info (12023): Found entity 1: bit2multiplexer
Info (12021): Found 2 design units, including 1 entities, in source file enardff_2.vhd
    Info (12022): Found design unit 1: enARdFF_2-rtl
    Info (12023): Found entity 1: enARdFF_2
Info (12021): Found 1 design units, including 1 entities, in source file lab1.bdf
    Info (12023): Found entity 1: Lab1
Info (12021): Found 2 design units, including 1 entities, in source file bit1comparator1on2.vhd
    Info (12022): Found design unit 1: bit1comparator1on2-rtl
    Info (12023): Found entity 1: bit1comparator1on2
Info (12021): Found 2 design units, including 1 entities, in source file bit8register.vhd
    Info (12022): Found design unit 1: bit8register-rtl
    Info (12023): Found entity 1: bit8register
Info (12021): Found 1 design units, including 1 entities, in source file testlab.bdf
    Info (12023): Found entity 1: testLab
Info (12021): Found 2 design units, including 1 entities, in source file enablesrlatch.vhd
    Info (12022): Found design unit 1: enabledSRLatch-rtl
    Info (12023): Found entity 1: enabledSRLatch
Info (12127): Elaborating entity "testLab" for the top level hierarchy
Warning (275011): Block or symbol "bit2multiplexer" of instance "inst3" overlaps another block or symbol
Info (12128): Elaborating entity "enARdFF_2" for hierarchy "enARdFF_2:inst"
Info (12128): Elaborating entity "enabledSRLatch" for hierarchy "enARdFF_2:inst|enabledSRLatch:masterLatch"
Info (12128): Elaborating entity "leftshift8bitregister" for hierarchy "leftshift8bitregister:inst1"
Info (12128): Elaborating entity "bit2multiplexer" for hierarchy "bit2multiplexer:inst3"
Info (12128): Elaborating entity "rightshift8bitregister" for hierarchy "rightshift8bitregister:inst13"
Info (286030): Timing-Driven Synthesis is running
Info (16010): Generating hard_block partition "hard_block:auto_generated_inst"
    Info (16011): Adding 0 node(s), including 0 DDIO, 0 PLL, 0 transceiver and 0 LCELL
Warning (21074): Design contains 1 input pin(s) that do not drive logic
    Warning (15610): No output dependent on input pin "reset"
Info (21057): Implemented 109 device resources after synthesis - the final resource count might be different
    Info (21058): Implemented 28 input pins
    Info (21059): Implemented 25 output pins
    Info (21061): Implemented 56 logic cells
Info: Quartus II 64-Bit Analysis & Synthesis was successful. 0 errors, 4 warnings
    Info: Peak virtual memory: 4658 megabytes
    Info: Processing ended: Wed Oct 04 23:21:32 2023
    Info: Elapsed time: 00:00:25
    Info: Total CPU time (on all processors): 00:00:23


