Flow report for Lab1
Fri Oct 06 20:48:53 2023
Quartus II 64-Bit Version 13.0.1 Build 232 06/12/2013 Service Pack 1 SJ Web Edition


---------------------
; Table of Contents ;
---------------------
  1. Legal Notice
  2. Flow Summary
  3. Flow Settings
  4. Flow Non-Default Global Settings
  5. Flow Elapsed Time
  6. Flow OS Summary
  7. Flow Log
  8. Flow Messages
  9. Flow Suppressed Messages



----------------
; Legal Notice ;
----------------
Copyright (C) 1991-2013 Altera Corporation
Your use of Altera Corporation's design tools, logic functions 
and other software and tools, and its AMPP partner logic 
functions, and any output files from any of the foregoing 
(including device programming or simulation files), and any 
associated documentation or information are expressly subject 
to the terms and conditions of the Altera Program License 
Subscription Agreement, Altera MegaCore Function License 
Agreement, or other applicable license agreement, including, 
without limitation, that your use is for the sole purpose of 
programming logic devices manufactured by Altera and sold by 
Altera or its authorized distributors.  Please refer to the 
applicable agreement for further details.



+--------------------------------------------------------------------------------------+
; Flow Summary                                                                         ;
+------------------------------------+-------------------------------------------------+
; Flow Status                        ; Successful - Fri Oct 06 20:48:53 2023           ;
; Quartus II 64-Bit Version          ; 13.0.1 Build 232 06/12/2013 SP 1 SJ Web Edition ;
; Revision Name                      ; Lab1                                            ;
; Top-level Entity Name              ; testLab                                         ;
; Family                             ; Cyclone IV E                                    ;
; Device                             ; EP4CE115F29C7                                   ;
; Timing Models                      ; Final                                           ;
; Total logic elements               ; 56 / 114,480 ( < 1 % )                          ;
;     Total combinational functions  ; 56 / 114,480 ( < 1 % )                          ;
;     Dedicated logic registers      ; 0 / 114,480 ( 0 % )                             ;
; Total registers                    ; 0                                               ;
; Total pins                         ; 53 / 529 ( 10 % )                               ;
; Total virtual pins                 ; 0                                               ;
; Total memory bits                  ; 0 / 3,981,312 ( 0 % )                           ;
; Embedded Multiplier 9-bit elements ; 0 / 532 ( 0 % )                                 ;
; Total PLLs                         ; 0 / 4 ( 0 % )                                   ;
+------------------------------------+-------------------------------------------------+


+-----------------------------------------+
; Flow Settings                           ;
+-------------------+---------------------+
; Option            ; Setting             ;
+-------------------+---------------------+
; Start date & time ; 10/04/2023 23:21:22 ;
; Main task         ; Compilation         ;
; Revision Name     ; Lab1                ;
+-------------------+---------------------+


+-------------------------------------------------------------------------------------------------------------------+
; Flow Non-Default Global Settings                                                                                  ;
+-------------------------------------+------------------------------+---------------+-------------+----------------+
; Assignment Name                     ; Value                        ; Default Value ; Entity Name ; Section Id     ;
+-------------------------------------+------------------------------+---------------+-------------+----------------+
; COMPILER_SIGNATURE_ID               ; 345050278000.169647608007280 ; --            ; --          ; --             ;
; EDA_GENERATE_FUNCTIONAL_NETLIST     ; On                           ; --            ; --          ; eda_simulation ;
; EDA_OUTPUT_DATA_FORMAT              ; Verilog Hdl                  ; --            ; --          ; eda_simulation ;
; EDA_SIMULATION_TOOL                 ; ModelSim-Altera (Verilog)    ; <None>        ; --          ; --             ;
; MAX_CORE_JUNCTION_TEMP              ; 85                           ; --            ; --          ; --             ;
; MIN_CORE_JUNCTION_TEMP              ; 0                            ; --            ; --          ; --             ;
; PARTITION_COLOR                     ; 16764057                     ; --            ; testLab     ; Top            ;
; PARTITION_FITTER_PRESERVATION_LEVEL ; PLACEMENT_AND_ROUTING        ; --            ; testLab     ; Top            ;
; PARTITION_NETLIST_TYPE              ; SOURCE                       ; --            ; testLab     ; Top            ;
; PROJECT_OUTPUT_DIRECTORY            ; output_files                 ; --            ; --          ; --             ;
; TOP_LEVEL_ENTITY                    ; testLab                      ; Lab1          ; --          ; --             ;
+-------------------------------------+------------------------------+---------------+-------------+----------------+


+-------------------------------------------------------------------------------------------------------------------------------+
; Flow Elapsed Time                                                                                                             ;
+---------------------------+--------------+-------------------------+---------------------+------------------------------------+
; Module Name               ; Elapsed Time ; Average Processors Used ; Peak Virtual Memory ; Total CPU Time (on all processors) ;
+---------------------------+--------------+-------------------------+---------------------+------------------------------------+
; Analysis & Synthesis      ; 00:00:23     ; 1.0                     ; 4658 MB             ; 00:00:22                           ;
; Fitter                    ; 00:00:52     ; 1.0                     ; 5093 MB             ; 00:00:52                           ;
; Assembler                 ; 00:00:20     ; 1.0                     ; 4582 MB             ; 00:00:19                           ;
; TimeQuest Timing Analyzer ; 00:00:25     ; 1.0                     ; 4678 MB             ; 00:00:25                           ;
; EDA Netlist Writer        ; 00:00:03     ; 1.0                     ; 4541 MB             ; 00:00:03                           ;
; EDA Netlist Writer        ; 00:00:15     ; 1.0                     ; 4549 MB             ; 00:00:14                           ;
; EDA Netlist Writer        ; 00:00:14     ; 1.0                     ; 4549 MB             ; 00:00:14                           ;
; EDA Netlist Writer        ; 00:00:01     ; 1.0                     ; 4525 MB             ; 00:00:00                           ;
; EDA Netlist Writer        ; 00:00:00     ; 1.0                     ; 4525 MB             ; 00:00:00                           ;
; Total                     ; 00:02:33     ; --                      ; --                  ; 00:02:29                           ;
+---------------------------+--------------+-------------------------+---------------------+------------------------------------+


+----------------------------------------------------------------------------------------+
; Flow OS Summary                                                                        ;
+---------------------------+------------------+-----------+------------+----------------+
; Module Name               ; Machine Hostname ; OS Name   ; OS Version ; Processor type ;
+---------------------------+------------------+-----------+------------+----------------+
; Analysis & Synthesis      ; 1850-W2023a-049  ; Windows 7 ; 6.2        ; x86_64         ;
; Fitter                    ; 1850-W2023a-049  ; Windows 7 ; 6.2        ; x86_64         ;
; Assembler                 ; 1850-W2023a-049  ; Windows 7 ; 6.2        ; x86_64         ;
; TimeQuest Timing Analyzer ; 1850-W2023a-049  ; Windows 7 ; 6.2        ; x86_64         ;
; EDA Netlist Writer        ; 1850-W2023a-049  ; Windows 7 ; 6.2        ; x86_64         ;
; EDA Netlist Writer        ; 1850-W2023a-049  ; Windows 7 ; 6.2        ; x86_64         ;
; EDA Netlist Writer        ; 1850-W2023a-049  ; Windows 7 ; 6.2        ; x86_64         ;
; EDA Netlist Writer        ; Harry            ; Windows 7 ; 6.2        ; x86_64         ;
; EDA Netlist Writer        ; Harry            ; Windows 7 ; 6.2        ; x86_64         ;
+---------------------------+------------------+-----------+------------+----------------+


------------
; Flow Log ;
------------
quartus_map --read_settings_files=on --write_settings_files=off Lab1 -c Lab1
quartus_fit --read_settings_files=off --write_settings_files=off Lab1 -c Lab1
quartus_asm --read_settings_files=off --write_settings_files=off Lab1 -c Lab1
quartus_sta Lab1 -c Lab1
quartus_eda --read_settings_files=off --write_settings_files=off Lab1 -c Lab1
quartus_eda --gen_testbench --check_outputs=on --tool=modelsim_oem --format=verilog Lab1 -c Lab1 --vector_source=Z:/CEG3155/CEG3155/Waveform1.vwf --testbench_file=./simulation/qsim/Lab1.vt
quartus_eda --functional=on --simulation=on --tool=modelsim_oem --format=verilog Lab1 -c Lab1
quartus_eda --gen_testbench --check_outputs=on --tool=modelsim_oem --format=verilog Lab1 -c Lab1 --vector_source=C:/Users/lehar/Documents/CEG3155_Lab1_300229371_300230364/Waveform1.vwf --testbench_file=./simulation/qsim/Lab1.vt
quartus_eda --functional=on --simulation=on --tool=modelsim_oem --format=verilog Lab1 -c Lab1



